[2026-02-07 15:58:35] INFO: ============================================================
[2026-02-07 15:58:35] INFO: Opel CSI Survey QA Helper
[2026-02-07 15:58:35] INFO: Started at 2026-02-07T12:58:35.026Z
[2026-02-07 15:58:35] INFO: Environment: production
[2026-02-07 15:58:35] INFO: ============================================================
[2026-02-07 15:58:35] INFO: Initializing Opel CSI QA Helper...
[2026-02-07 15:58:35] INFO: Testing proxy connection...
[2026-02-07 15:58:35] ERROR: Proxy test failed {"error":"Request failed with status code 400"}
[2026-02-07 15:58:35] WARN: Proxy test failed, continuing anyway
[2026-02-07 15:58:35] INFO: Testing email connection...
[2026-02-07 15:58:39] INFO: Email connection verified
[2026-02-07 15:58:39] INFO: Initialization complete
[2026-02-07 15:58:39] INFO: Scheduling tasks...
[2026-02-07 15:58:39] INFO: Generated schedule for 3 tasks
[2026-02-07 15:58:39] INFO: Scheduled task: https://financing.opel.store/konfigurator-0:20 at 0:20
[2026-02-07 15:58:39] INFO: Scheduled task: https://financing.opel.store/konfigurator-9:29 at 9:29
[2026-02-07 15:58:39] INFO: Scheduled task: https://financing.opel.store/konfigurator-13:49 at 13:49
[2026-02-07 15:58:39] INFO: All tasks scheduled
[2026-02-07 15:58:39] INFO: Scheduled daily report at 20:00
[2026-02-07 15:58:39] INFO: Ready! Monitoring 4 scheduled tasks
[2026-02-07 15:58:39] INFO: Press Ctrl+C to stop
[2026-02-07 16:51:34] INFO: Shutting down...
[2026-02-07 16:54:10] INFO: ============================================================
[2026-02-07 16:54:10] INFO: Opel CSI Survey QA Helper
[2026-02-07 16:54:10] INFO: Started at 2026-02-07T13:54:10.710Z
[2026-02-07 16:54:10] INFO: Environment: production
[2026-02-07 16:54:10] INFO: ============================================================
[2026-02-07 16:54:10] INFO: Initializing Opel CSI QA Helper...
[2026-02-07 16:54:10] INFO: Testing proxy connection...
[2026-02-07 16:54:11] ERROR: Proxy test failed {"error":"Hostname/IP does not match certificate's altnames: Host: ipv4.icanhazip.com. is not in the cert's altnames: DNS:au.proxy.iproyal.com, DNS:eu.proxy.iproyal.com, DNS:geo.iproyal.com, DNS:proxy.iproyal.com, DNS:sg.proxy.iproyal.com, DNS:us.proxy.iproyal.com"}
[2026-02-07 16:54:11] WARN: Proxy test failed, continuing anyway
[2026-02-07 16:54:11] INFO: Testing email connection...
[2026-02-07 16:54:14] INFO: Email connection verified
[2026-02-07 16:54:14] INFO: Initialization complete
[2026-02-07 16:54:14] INFO: Scheduling tasks...
[2026-02-07 16:54:14] INFO: Generated schedule for 3 tasks
[2026-02-07 16:54:14] INFO: Scheduled task: https://financing.opel.store/konfigurator-0:55 at 0:55
[2026-02-07 16:54:14] INFO: Scheduled task: https://financing.opel.store/konfigurator-8:25 at 8:25
[2026-02-07 16:54:14] INFO: Scheduled task: https://financing.opel.store/konfigurator-12:13 at 12:13
[2026-02-07 16:54:14] INFO: All tasks scheduled
[2026-02-07 16:54:14] INFO: Scheduled daily report at 20:00
[2026-02-07 16:54:14] INFO: Ready! Monitoring 4 scheduled tasks
[2026-02-07 16:54:14] INFO: Press Ctrl+C to stop
[2026-02-07 17:00:48] INFO: Shutting down...
[2026-02-07 17:08:29] INFO: ============================================================
[2026-02-07 17:08:29] INFO: Opel CSI Survey QA Helper
[2026-02-07 17:08:29] INFO: Started at 2026-02-07T14:08:29.106Z
[2026-02-07 17:08:29] INFO: Environment: production
[2026-02-07 17:08:29] INFO: ============================================================
[2026-02-07 17:08:29] INFO: Initializing Opel CSI QA Helper...
[2026-02-07 17:08:29] INFO: Testing proxy connection...
[2026-02-07 17:08:30] INFO: Testing email connection...
[2026-02-07 17:08:33] INFO: Email connection verified
[2026-02-07 17:08:33] INFO: Initialization complete
[2026-02-07 17:08:33] INFO: Scheduling tasks...
[2026-02-07 17:08:33] INFO: Generated schedule for 3 tasks
[2026-02-07 17:08:33] INFO: Scheduled task: https://financing.opel.store/konfigurator-0:36 at 0:36
[2026-02-07 17:08:33] INFO: Scheduled task: https://financing.opel.store/konfigurator-8:50 at 8:50
[2026-02-07 17:08:33] INFO: Scheduled task: https://financing.opel.store/konfigurator-12:56 at 12:56
[2026-02-07 17:08:33] INFO: All tasks scheduled
[2026-02-07 17:08:33] INFO: Scheduled daily report at 20:00
[2026-02-07 17:08:33] INFO: Ready! Monitoring 4 scheduled tasks
[2026-02-07 17:08:33] INFO: Press Ctrl+C to stop
[2026-02-07 17:09:22] INFO: Shutting down...
[2026-02-07 17:09:53] INFO: ============================================================
[2026-02-07 17:09:53] INFO: Opel CSI Survey QA Helper
[2026-02-07 17:09:53] INFO: Started at 2026-02-07T14:09:53.540Z
[2026-02-07 17:09:53] INFO: Environment: production
[2026-02-07 17:09:53] INFO: ============================================================
[2026-02-07 17:09:53] INFO: Initializing Opel CSI QA Helper...
[2026-02-07 17:09:53] INFO: Testing proxy connection...
[2026-02-07 17:09:54] INFO: Testing email connection...
[2026-02-07 17:09:57] INFO: Email connection verified
[2026-02-07 17:09:57] INFO: Initialization complete
[2026-02-07 17:09:57] INFO: Scheduling tasks...
[2026-02-07 17:09:57] INFO: Generated schedule for 3 tasks
[2026-02-07 17:09:57] INFO: Scheduled task: https://financing.opel.store/konfigurator-0:22 at 0:22
[2026-02-07 17:09:57] INFO: Scheduled task: https://financing.opel.store/konfigurator-11:4 at 11:04
[2026-02-07 17:09:57] INFO: Scheduled task: https://financing.opel.store/konfigurator-14:36 at 14:36
[2026-02-07 17:09:57] INFO: All tasks scheduled
[2026-02-07 17:09:57] INFO: Scheduled daily report at 17:15
[2026-02-07 17:09:57] INFO: Ready! Monitoring 4 scheduled tasks
[2026-02-07 17:09:57] INFO: Press Ctrl+C to stop
[2026-02-07 17:15:00] INFO: Daily report task triggered
[2026-02-07 17:15:04] INFO: Daily report email sent {"messageId":"<9124777e-4126-b76a-3343-0c1f5ac4dc95@healthcliq.com>","to":"otimpaulalex@gmail.com"}
[2026-02-07 17:15:04] INFO: Daily report sent successfully
[2026-02-07 17:15:04] INFO: Report generator cleared
[2026-02-07 17:26:11] INFO: Shutting down...
[2026-02-07 17:26:17] INFO: ============================================================
[2026-02-07 17:26:17] INFO: Opel CSI Survey QA Helper
[2026-02-07 17:26:17] INFO: Started at 2026-02-07T14:26:17.207Z
[2026-02-07 17:26:17] INFO: Environment: production
[2026-02-07 17:26:17] INFO: ============================================================
[2026-02-07 17:26:17] INFO: Initializing Opel CSI QA Helper...
[2026-02-07 17:26:17] INFO: Testing proxy connection...
[2026-02-07 17:26:18] INFO: Testing email connection...
[2026-02-07 17:26:21] INFO: Email connection verified
[2026-02-07 17:26:21] INFO: Initialization complete
[2026-02-07 17:26:21] INFO: Scheduling tasks...
[2026-02-07 17:26:21] INFO: Generated schedule for 3 tasks
[2026-02-07 17:26:21] INFO: Scheduled task: https://financing.opel.store/konfigurator-0:15 at 0:15
[2026-02-07 17:26:21] INFO: Scheduled task: https://financing.opel.store/konfigurator-11:57 at 11:57
[2026-02-07 17:26:21] INFO: Scheduled task: https://financing.opel.store/konfigurator-14:23 at 14:23
[2026-02-07 17:26:21] INFO: All tasks scheduled
[2026-02-07 17:26:21] INFO: Scheduled daily report at 18:00
[2026-02-07 17:26:21] INFO: Ready! Monitoring 4 scheduled tasks
[2026-02-07 17:26:21] INFO: Press Ctrl+C to stop
[2026-02-07 17:37:48] INFO: Shutting down...
[2026-02-07 17:37:53] INFO: ============================================================
[2026-02-07 17:37:53] INFO: Opel CSI Survey QA Helper
[2026-02-07 17:37:53] INFO: Started at 2026-02-07T14:37:53.473Z
[2026-02-07 17:37:53] INFO: Environment: production
[2026-02-07 17:37:53] INFO: ============================================================
[2026-02-07 17:37:53] INFO: Initializing Opel CSI QA Helper...
[2026-02-07 17:37:53] INFO: Testing proxy connection...
[2026-02-07 17:37:54] INFO: Testing email connection...
[2026-02-07 17:37:57] INFO: Email connection verified
[2026-02-07 17:37:57] INFO: Initialization complete
[2026-02-07 17:37:57] INFO: Scheduling tasks...
[2026-02-07 17:37:57] INFO: Using cron-based daily scheduling
[2026-02-07 17:37:57] INFO: Generated schedule for 3 tasks
[2026-02-07 17:37:57] INFO: Scheduled task: https://financing.opel.store/konfigurator-0:0 at 0:00
[2026-02-07 17:37:57] INFO: Scheduled task: https://financing.opel.store/konfigurator-11:6 at 11:06
[2026-02-07 17:37:57] INFO: Scheduled task: https://financing.opel.store/konfigurator-15:12 at 15:12
[2026-02-07 17:37:57] INFO: All tasks scheduled
[2026-02-07 17:37:57] INFO: Scheduled daily report at 18:00
[2026-02-07 17:37:57] INFO: Ready! Monitoring tasks:
[2026-02-07 17:37:57] INFO:   - Cron tasks: 4
[2026-02-07 17:37:57] INFO:   - Interval tasks: 0
[2026-02-07 17:37:57] INFO:   - Total tasks: 4
[2026-02-07 17:37:57] INFO: Press Ctrl+C to stop
[2026-02-07 18:00:00] INFO: Daily report task triggered
[2026-02-07 18:00:05] INFO: Daily report email sent {"messageId":"<2c01e673-a2ff-441c-faeb-c771df5a3046@healthcliq.com>","to":"otimpaulalex@gmail.com"}
[2026-02-07 18:00:05] INFO: Daily report sent successfully
[2026-02-07 18:00:05] INFO: Report generator cleared
[2026-02-07 18:07:08] INFO: Shutting down...
[2026-02-07 18:07:13] INFO: ============================================================
[2026-02-07 18:07:13] INFO: Opel CSI Survey QA Helper
[2026-02-07 18:07:13] INFO: Started at 2026-02-07T15:07:13.989Z
[2026-02-07 18:07:13] INFO: Environment: production
[2026-02-07 18:07:13] INFO: ============================================================
[2026-02-07 18:07:13] INFO: Initializing Opel CSI QA Helper...
[2026-02-07 18:07:13] INFO: Testing proxy connection...
[2026-02-07 18:07:15] INFO: Testing email connection...
[2026-02-07 18:07:17] INFO: Email connection verified
[2026-02-07 18:07:17] INFO: Initialization complete
[2026-02-07 18:07:17] INFO: Scheduling tasks...
[2026-02-07 18:07:17] INFO: Generated schedule for 3 tasks
[2026-02-07 18:07:17] INFO: Scheduled task: https://financing.opel.store/konfigurator-0:8 at 0:08
[2026-02-07 18:07:18] INFO: Scheduled task: https://financing.opel.store/konfigurator-8:33 at 8:33
[2026-02-07 18:07:18] INFO: Scheduled task: https://financing.opel.store/konfigurator-13:43 at 13:43
[2026-02-07 18:07:18] INFO: All tasks scheduled
[2026-02-07 18:07:18] INFO: Scheduled daily report at 18:00
[2026-02-07 18:07:18] INFO: Ready! Monitoring 4 scheduled tasks
[2026-02-07 18:07:18] INFO: Press Ctrl+C to stop
