[2026-02-07 15:58:35] ERROR: Proxy test failed {"error":"Request failed with status code 400"}
[2026-02-07 16:54:11] ERROR: Proxy test failed {"error":"Hostname/IP does not match certificate's altnames: Host: ipv4.icanhazip.com. is not in the cert's altnames: DNS:au.proxy.iproyal.com, DNS:eu.proxy.iproyal.com, DNS:geo.iproyal.com, DNS:proxy.iproyal.com, DNS:sg.proxy.iproyal.com, DNS:us.proxy.iproyal.com"}
[2026-02-07 18:35:58] ERROR: Survey failed for https://financing.opel.store/konfigurator {"error":"Survey widget did not appear within 30s timeout"}
[2026-02-07 18:45:57] ERROR: Survey failed for https://financing.opel.store/konfigurator {"error":"Survey widget did not appear within 30s timeout"}
[2026-02-07 18:51:54] ERROR: Survey failed for https://financing.opel.store/konfigurator {"error":"Survey widget did not appear within 30s timeout"}
[2026-02-07 19:07:21] ERROR: Survey failed for https://financing.opel.store/konfigurator {"error":"Survey widget did not appear within 30s timeout"}
[2026-02-07 23:07:01] ERROR: Survey failed for https://financing.opel.store/konfigurator {"error":"page.evaluate: SecurityError: Failed to read the 'localStorage' property from 'Window': Access is denied for this document.\n    at UtilityScript.evaluate (<anonymous>:292:16)\n    at UtilityScript.<anonymous> (<anonymous>:1:44)"}
[2026-02-07 23:14:50] ERROR: Survey failed for https://financing.opel.store/konfigurator {"error":"Survey widget did not appear within 30s timeout"}
[2026-02-07 23:26:04] ERROR: Survey failed for https://financing.opel.store/konfigurator {"error":"Survey widget did not appear within 30s timeout"}
[2026-02-07 23:55:58] ERROR: Survey failed for https://www.opel.de {"error":"Survey widget did not appear within 30s timeout"}
[2026-02-08 00:03:37] ERROR: Survey failed for https://www.opel.de {"error":"Survey widget did not appear within 30s timeout"}
[2026-02-08 00:13:00] ERROR: Survey failed for https://www.opel.de {"error":"page.evaluate: SecurityError: Failed to read the 'localStorage' property from 'Window': Access is denied for this document.\n    at UtilityScript.evaluate (<anonymous>:292:16)\n    at UtilityScript.<anonymous> (<anonymous>:1:44)"}
[2026-02-08 00:20:15] ERROR: Survey failed for https://www.opel.de {"error":"Survey widget did not appear within 30s timeout"}
[2026-02-08 12:31:54] ERROR: Proxy test failed {"error":"Request failed with status code 400"}
[2026-02-08 12:33:00] ERROR: Proxy test failed {"error":"Request failed with status code 400"}
[2026-02-08 12:33:58] ERROR: Proxy test failed {"error":"Request failed with status code 400"}
[2026-02-08 12:35:01] ERROR: Survey failed for https://financing.opel.store/konfigurator {"error":"page.evaluate: SecurityError: Failed to read the 'localStorage' property from 'Window': Access is denied for this document.\n    at UtilityScript.evaluate (<anonymous>:292:16)\n    at UtilityScript.<anonymous> (<anonymous>:1:44)"}
[2026-02-08 12:40:21] ERROR: Proxy test failed {"error":"Request failed with status code 400"}
[2026-02-08 12:41:53] ERROR: Proxy test failed {"error":"Request failed with status code 400"}
[2026-02-08 13:05:30] ERROR: Usabilla not found on initial page or any discovered links
[2026-02-08 13:05:30] ERROR: Survey failed for https://financing.opel.store/konfigurator {"error":"Survey widget not found on initial page or any discovered links"}
[2026-02-08 14:45:17] ERROR: Proxy test failed {"error":"Request failed with status code 400"}
[2026-02-08 14:50:01] ERROR: Survey failed for https://financing.opel.store/konfigurator {"error":"page.evaluate: SecurityError: Failed to read the 'localStorage' property from 'Window': Access is denied for this document.\n    at UtilityScript.evaluate (<anonymous>:292:16)\n    at UtilityScript.<anonymous> (<anonymous>:1:44)"}
[2026-02-08 14:53:15] ERROR: Proxy test failed {"error":"timeout of 10000ms exceeded"}
[2026-02-09 10:12:00] ERROR: Survey failed for https://financing.opel.store/konfigurator {"error":"page.evaluate: SecurityError: Failed to read the 'localStorage' property from 'Window': Access is denied for this document.\n    at UtilityScript.evaluate (<anonymous>:292:16)\n    at UtilityScript.<anonymous> (<anonymous>:1:44)"}
[2026-02-09 10:37:36] ERROR: Survey failed for https://financing.opel.store/konfigurator {"error":"Survey widget not found after scrolling"}
[2026-02-09 11:09:43] ERROR: Survey failed for https://store.opel.de/vehicles?channel=rockse {"error":"Survey widget not found after scrolling"}
[2026-02-15 10:28:35] ERROR: Proxy test failed {"error":"Request failed with status code 407"}
[2026-02-15 10:28:39] ERROR: Target URL test failed for https://www.opel.de {"error":"HTTP 407","responseTime":720}
[2026-02-15 10:28:40] ERROR: Target URL test failed for https://store.opel.de/vehicles?channel=rockse {"error":"HTTP 407","responseTime":734}
[2026-02-15 10:28:41] ERROR: Target URL test failed for https://www.opel.fr {"error":"HTTP 407","responseTime":747}
[2026-02-15 10:28:42] ERROR: Target URL test failed for https://www.opel.it {"error":"HTTP 407","responseTime":778}
[2026-02-15 10:28:42] ERROR: Target URL test failed for https://www.opel.es {"error":"HTTP 407","responseTime":792}
[2026-02-15 10:28:44] ERROR: Target URL test failed for https://www.opel.nl {"error":"HTTP 407","responseTime":1051}
[2026-02-15 10:28:45] ERROR: Target URL test failed for https://www.opel.be {"error":"HTTP 407","responseTime":1251}
[2026-02-15 10:28:45] ERROR: Target URL test failed for https://www.opel.at {"error":"HTTP 407","responseTime":722}
[2026-02-15 10:28:46] ERROR: Target URL test failed for https://www.opel.pl {"error":"HTTP 407","responseTime":722}
[2026-02-15 10:28:47] ERROR: Target URL test failed for https://www.opel.pt {"error":"HTTP 407","responseTime":735}
[2026-02-15 10:28:48] ERROR: Target URL test failed for https://www.vauxhall.co.uk {"error":"HTTP 407","responseTime":753}
[2026-02-15 10:30:31] ERROR: Proxy test failed {"error":"Proxy connection ended before receiving CONNECT response"}
[2026-02-15 10:30:35] ERROR: Target URL test failed for https://www.opel.de {"error":"Proxy connection ended before receiving CONNECT response","responseTime":473}
[2026-02-15 10:30:36] ERROR: Target URL test failed for https://store.opel.de/vehicles?channel=rockse {"error":"Proxy connection ended before receiving CONNECT response","responseTime":746}
[2026-02-15 10:30:37] ERROR: Target URL test failed for https://www.opel.fr {"error":"Proxy connection ended before receiving CONNECT response","responseTime":730}
[2026-02-15 10:30:37] ERROR: Target URL test failed for https://www.opel.it {"error":"Proxy connection ended before receiving CONNECT response","responseTime":765}
[2026-02-15 10:30:38] ERROR: Target URL test failed for https://www.opel.es {"error":"Proxy connection ended before receiving CONNECT response","responseTime":721}
[2026-02-15 10:30:39] ERROR: Target URL test failed for https://www.opel.nl {"error":"Proxy connection ended before receiving CONNECT response","responseTime":724}
[2026-02-15 10:30:39] ERROR: Target URL test failed for https://www.opel.be {"error":"Proxy connection ended before receiving CONNECT response","responseTime":774}
[2026-02-15 10:30:40] ERROR: Target URL test failed for https://www.opel.at {"error":"Proxy connection ended before receiving CONNECT response","responseTime":768}
[2026-02-15 10:30:41] ERROR: Target URL test failed for https://www.opel.pl {"error":"Proxy connection ended before receiving CONNECT response","responseTime":758}
[2026-02-15 10:30:42] ERROR: Target URL test failed for https://www.opel.pt {"error":"Proxy connection ended before receiving CONNECT response","responseTime":708}
[2026-02-15 10:30:43] ERROR: Target URL test failed for https://www.vauxhall.co.uk {"error":"Proxy connection ended before receiving CONNECT response","responseTime":971}
[2026-02-15 10:59:36] ERROR: Survey failed for https://www.opel.be {"error":"page.waitForLoadState: Timeout 30000ms exceeded.\n=========================== logs ===========================\n  \"commit\" event fired\n  \"domcontentloaded\" event fired\n  \"load\" event fired\n============================================================"}
